<?xml version="1.0" encoding="UTF-8"?>
<!-- Generated by org.testng.reporters.JUnitXMLReporter -->
<testsuite hostname="DESKTOP-IMONQ0M" ignored="0" name="Test" tests="4" failures="0" timestamp="25 Oct 2020 10:24:40 GMT" time="64.625" errors="0">
  <testcase name="navivateToAutoamationPracticePageAndClickonSignIn" time="12.241" classname="Scenarios.Suite.appSuite.AutomationPraticeSuite"/>
  <testcase name="login" time="6.048" classname="Scenarios.Suite.appSuite.AutomationPraticeSuite"/>
  <testcase name="verifyProductDetailsAndAddToCart" time="31.549" classname="Scenarios.Suite.appSuite.AutomationPraticeSuite"/>
  <testcase name="checkoutProductAndVerifyAddress" time="14.754" classname="Scenarios.Suite.appSuite.AutomationPraticeSuite"/>
</testsuite> <!-- Test -->
