<?xml version="1.0" encoding="UTF-8"?>
<testng-results skipped="0" failed="0" ignored="0" total="4" passed="4">
  <reporter-output>
  </reporter-output>
  <suite name="Suite" duration-ms="64625" started-at="2020-10-25T10:23:36Z" finished-at="2020-10-25T10:24:40Z">
    <groups>
    </groups>
    <test name="Test" duration-ms="64625" started-at="2020-10-25T10:23:36Z" finished-at="2020-10-25T10:24:40Z">
      <class name="Scenarios.Suite.appSuite.AutomationPraticeSuite">
        <test-method status="PASS" signature="launchBrowser()[pri:0, instance:Scenarios.Suite.appSuite.AutomationPraticeSuite@7dc7cbad]" name="launchBrowser" is-config="true" duration-ms="6417" started-at="2020-10-25T15:53:29Z" finished-at="2020-10-25T15:53:36Z">
          <reporter-output>
          </reporter-output>
        </test-method> <!-- launchBrowser -->
        <test-method status="PASS" signature="navivateToAutoamationPracticePageAndClickonSignIn()[pri:0, instance:Scenarios.Suite.appSuite.AutomationPraticeSuite@7dc7cbad]" name="navivateToAutoamationPracticePageAndClickonSignIn" duration-ms="12241" started-at="2020-10-25T15:53:36Z" finished-at="2020-10-25T15:53:48Z">
          <reporter-output>
          </reporter-output>
        </test-method> <!-- navivateToAutoamationPracticePageAndClickonSignIn -->
        <test-method status="PASS" signature="login(java.lang.String, java.lang.String)[pri:1, instance:Scenarios.Suite.appSuite.AutomationPraticeSuite@7dc7cbad]" name="login" duration-ms="6048" started-at="2020-10-25T15:53:48Z" finished-at="2020-10-25T15:53:54Z">
          <params>
            <param index="0">
              <value>
                <![CDATA[sheetal124@gmail.com]]>
              </value>
            </param>
            <param index="1">
              <value>
                <![CDATA[sheetal@123]]>
              </value>
            </param>
          </params>
          <reporter-output>
          </reporter-output>
        </test-method> <!-- login -->
        <test-method status="PASS" signature="verifyProductDetailsAndAddToCart()[pri:3, instance:Scenarios.Suite.appSuite.AutomationPraticeSuite@7dc7cbad]" name="verifyProductDetailsAndAddToCart" duration-ms="31549" started-at="2020-10-25T15:53:54Z" finished-at="2020-10-25T15:54:25Z">
          <reporter-output>
          </reporter-output>
        </test-method> <!-- verifyProductDetailsAndAddToCart -->
        <test-method status="PASS" signature="checkoutProductAndVerifyAddress(java.lang.String)[pri:4, instance:Scenarios.Suite.appSuite.AutomationPraticeSuite@7dc7cbad]" name="checkoutProductAndVerifyAddress" duration-ms="14754" started-at="2020-10-25T15:54:25Z" finished-at="2020-10-25T15:54:40Z">
          <params>
            <param index="0">
              <value>
                <![CDATA[Cleveland, OH 44113]]>
              </value>
            </param>
          </params>
          <reporter-output>
          </reporter-output>
        </test-method> <!-- checkoutProductAndVerifyAddress -->
        <test-method status="PASS" signature="tearDown()[pri:0, instance:Scenarios.Suite.appSuite.AutomationPraticeSuite@7dc7cbad]" name="tearDown" is-config="true" duration-ms="742" started-at="2020-10-25T15:54:40Z" finished-at="2020-10-25T15:54:41Z">
          <reporter-output>
          </reporter-output>
        </test-method> <!-- tearDown -->
      </class> <!-- Scenarios.Suite.appSuite.AutomationPraticeSuite -->
    </test> <!-- Test -->
  </suite> <!-- Suite -->
</testng-results>
